<?xml version="1.0" encoding="UTF-8"?>
<testng-results skipped="0" failed="0" total="1" passed="1">
  <reporter-output>
  </reporter-output>
  <suite name="Surefire suite" duration-ms="180" started-at="2017-08-03T15:38:54Z" finished-at="2017-08-03T15:38:54Z">
    <groups>
    </groups>
    <test name="Surefire test" duration-ms="180" started-at="2017-08-03T15:38:54Z" finished-at="2017-08-03T15:38:54Z">
      <class name="com.realdolmen.helloworld.AppTest">
        <test-method status="PASS" signature="testApp()" name="testApp" duration-ms="180" started-at="2017-08-03T15:38:54Z" finished-at="2017-08-03T15:38:54Z">
        </test-method>
      </class>
    </test>
  </suite>
</testng-results>
